<?xml version="1.0" encoding="UTF-8"?>
<!-- Generated by org.testng.reporters.JUnitReportReporter -->
<testsuite hostname="ojt6-PC" name="DriverFactory.AppTest" tests="1" failures="0" timestamp="18 Dec 2019 04:42:36 GMT" time="12.323" errors="0">
  <testcase name="startTest" time="12.323" classname="DriverFactory.AppTest"/>
</testsuite> <!-- DriverFactory.AppTest -->
