<?xml version="1.0" encoding="UTF-8"?>
<!-- Generated by org.testng.reporters.JUnitReportReporter -->
<testsuite hostname="ojt6-PC" name="DriverFactory.DataDrivenFrameWork" tests="1" failures="0" timestamp="10 Dec 2019 04:17:03 GMT" time="90.894" errors="0">
  <testcase name="supplierCre" time="90.894" classname="DriverFactory.DataDrivenFrameWork"/>
</testsuite> <!-- DriverFactory.DataDrivenFrameWork -->
